Start testing: Feb 08 12:57 CET
----------------------------------------------------------
1/3 Testing: ObstacleAvoider_test
1/3 Test: ObstacleAvoider_test
Command: "/home/jeberlen/School/project2/testenviroment/smartcar-gmock/test/build/ObstacleAvoider_test"
Directory: /home/jeberlen/School/project2/testenviroment/smartcar-gmock/test/build
"ObstacleAvoider_test" start time: Feb 08 12:57 CET
Output:
----------------------------------------------------------
[0;32m[==========] [mRunning 6 tests from 1 test case.
[0;32m[----------] [mGlobal test environment set-up.
[0;32m[----------] [m6 tests from SmartcarObstacleAvoiderFixture
[0;32m[ RUN      ] [mSmartcarObstacleAvoiderFixture.initsAreCalled
[0;32m[       OK ] [mSmartcarObstacleAvoiderFixture.initsAreCalled (0 ms)
[0;32m[ RUN      ] [mSmartcarObstacleAvoiderFixture.obstacleDetected_stop

GMOCK WARNING:
Uninteresting mock function call - returning default value.
    Function call: available()
          Returns: '\0'
Stack trace:
[0;32m[       OK ] [mSmartcarObstacleAvoiderFixture.obstacleDetected_stop (0 ms)
[0;32m[ RUN      ] [mSmartcarObstacleAvoiderFixture.obstacleDetectedMin_stop

GMOCK WARNING:
Uninteresting mock function call - returning default value.
    Function call: available()
          Returns: '\0'
Stack trace:
[0;32m[       OK ] [mSmartcarObstacleAvoiderFixture.obstacleDetectedMin_stop (0 ms)
[0;32m[ RUN      ] [mSmartcarObstacleAvoiderFixture.obstacleDetectedMax_stop

GMOCK WARNING:
Uninteresting mock function call - returning default value.
    Function call: available()
          Returns: '\0'
Stack trace:
[0;32m[       OK ] [mSmartcarObstacleAvoiderFixture.obstacleDetectedMax_stop (0 ms)
[0;32m[ RUN      ] [mSmartcarObstacleAvoiderFixture.obstacleDetected_rotate

GMOCK WARNING:
Uninteresting mock function call - returning directly.
    Function call: setSpeed(0)
Stack trace:

GMOCK WARNING:
Uninteresting mock function call - returning directly.
    Function call: setSpeed(0)
Stack trace:
[0;32m[       OK ] [mSmartcarObstacleAvoiderFixture.obstacleDetected_rotate (1 ms)
[0;32m[ RUN      ] [mSmartcarObstacleAvoiderFixture.obstacleDetected_reverse

GMOCK WARNING:
Uninteresting mock function call - returning directly.
    Function call: setAngle(0)
Stack trace:
[0;32m[       OK ] [mSmartcarObstacleAvoiderFixture.obstacleDetected_reverse (0 ms)
[0;32m[----------] [m6 tests from SmartcarObstacleAvoiderFixture (2 ms total)

[0;32m[----------] [mGlobal test environment tear-down
[0;32m[==========] [m6 tests from 1 test case ran. (2 ms total)
[0;32m[  PASSED  ] [m6 tests.
<end of output>
Test time =   0.00 sec
----------------------------------------------------------
Test Passed.
"ObstacleAvoider_test" end time: Feb 08 12:57 CET
"ObstacleAvoider_test" time elapsed: 00:00:00
----------------------------------------------------------

2/3 Testing: SR04_test
2/3 Test: SR04_test
Command: "/home/jeberlen/School/project2/testenviroment/smartcar-gmock/test/build/SR04_test"
Directory: /home/jeberlen/School/project2/testenviroment/smartcar-gmock/test/build
"SR04_test" start time: Feb 08 12:57 CET
Output:
----------------------------------------------------------
[0;32m[==========] [mRunning 2 tests from 1 test case.
[0;32m[----------] [mGlobal test environment set-up.
[0;32m[----------] [m2 tests from SR04Fixture
[0;32m[ RUN      ] [mSR04Fixture.initsAreCalled
[0;32m[       OK ] [mSR04Fixture.initsAreCalled (1 ms)
[0;32m[ RUN      ] [mSR04Fixture.expectGetDistanceCall

GMOCK WARNING:
Uninteresting mock function call - returning default value.
    Function call: println(0, 10)
          Returns: 0
Stack trace:

GMOCK WARNING:
Uninteresting mock function call - returning directly.
    Function call: delay(100)
Stack trace:
[0;32m[       OK ] [mSR04Fixture.expectGetDistanceCall (0 ms)
[0;32m[----------] [m2 tests from SR04Fixture (1 ms total)

[0;32m[----------] [mGlobal test environment tear-down
[0;32m[==========] [m2 tests from 1 test case ran. (1 ms total)
[0;32m[  PASSED  ] [m2 tests.
<end of output>
Test time =   0.00 sec
----------------------------------------------------------
Test Passed.
"SR04_test" end time: Feb 08 12:57 CET
"SR04_test" time elapsed: 00:00:00
----------------------------------------------------------

3/3 Testing: ManualControl_test
3/3 Test: ManualControl_test
Command: "/home/jeberlen/School/project2/testenviroment/smartcar-gmock/test/build/ManualControl_test"
Directory: /home/jeberlen/School/project2/testenviroment/smartcar-gmock/test/build
"ManualControl_test" start time: Feb 08 12:57 CET
Output:
----------------------------------------------------------
[0;32m[==========] [mRunning 6 tests from 1 test case.
[0;32m[----------] [mGlobal test environment set-up.
[0;32m[----------] [m6 tests from SmartcarManualControlFixture
[0;32m[ RUN      ] [mSmartcarManualControlFixture.initsAreCalled
[0;32m[       OK ] [mSmartcarManualControlFixture.initsAreCalled (0 ms)
[0;32m[ RUN      ] [mSmartcarManualControlFixture.receives_L_GoesLeft
[0;32m[       OK ] [mSmartcarManualControlFixture.receives_L_GoesLeft (1 ms)
[0;32m[ RUN      ] [mSmartcarManualControlFixture.receives_R_GoesRight
[0;32m[       OK ] [mSmartcarManualControlFixture.receives_R_GoesRight (0 ms)
[0;32m[ RUN      ] [mSmartcarManualControlFixture.receives_F_GoesForward
[0;32m[       OK ] [mSmartcarManualControlFixture.receives_F_GoesForward (0 ms)
[0;32m[ RUN      ] [mSmartcarManualControlFixture.receives_B_GoesForward
[0;32m[       OK ] [mSmartcarManualControlFixture.receives_B_GoesForward (0 ms)
[0;32m[ RUN      ] [mSmartcarManualControlFixture.receives_AnythingElse_Stops
[0;32m[       OK ] [mSmartcarManualControlFixture.receives_AnythingElse_Stops (0 ms)
[0;32m[----------] [m6 tests from SmartcarManualControlFixture (1 ms total)

[0;32m[----------] [mGlobal test environment tear-down
[0;32m[==========] [m6 tests from 1 test case ran. (1 ms total)
[0;32m[  PASSED  ] [m6 tests.
<end of output>
Test time =   0.00 sec
----------------------------------------------------------
Test Passed.
"ManualControl_test" end time: Feb 08 12:57 CET
"ManualControl_test" time elapsed: 00:00:00
----------------------------------------------------------

End testing: Feb 08 12:57 CET
